<?xml version="1.0" encoding="UTF-8"?>
<!-- Generated by org.testng.reporters.JUnitReportReporter -->
<testsuite hostname="Admin-PC" name="com.runner.TestRunner" tests="1" failures="0" timestamp="14 Jun 2019 05:28:27 GMT" time="48.220" errors="0">
  <testcase name="feature" time="48.220" classname="com.runner.TestRunner"/>
</testsuite> <!-- com.runner.TestRunner -->
